258
441
425
1258
1250
1857
1888
1896
1879
2314
2301
3607
3624
5081
5080
5533
5537
5632
5627
6117
6137
6265
6278
6488
6467
6835
6819
7216
7217
7346
7310
7866
7856
8557
8574
9252
9297
9989
9967
10893
10877
11760
11792
12081
12086
13274
13264
13408
13446
14621
14602
14889
14892
15564
15565
15986
15971
16139
16114
16648
16639
16946
16916
19020
19042
20783
20758
22994
22970
23615
23625
23674
23662
23717
23730
24611
24648
26520
26514
26740
26720
27248
27218
28063
28085
28923
28908
29881
29855
30070
30063
31253
31266
31980
31991
32956
32958
33489
33466
33601
33644
34510
34519
36900
36933
38079
38089
38364
38380
38705
38734
38723
38725
38826
38843
39623
39642
39903
39938
39914
39917
39958
39985
40347
40329
40922
40916
41691
41675
41997
41983
42169
42178
42816
42812
43279
43273
44477
44496
47053
47074
47213
47249
47726
47731
48131
48101
49777
49786
50568
50579
52001
52027
52203
52227
52410
52401
53282
53296
53399
53392
53912
53933
55317
55330
56230
56210
56424
56415
56550
56573
56654
56678
56799
56774
56878
56893
57099
57071
57945
57905
58215
58202
58463
58472
58468
58479
59880
59893
61057
61078
62035
62019
62223
62205
62427
62400
62670
62688
63871
63888
64195
64156
64940
64920
65249
65215
65371
65373
66302
66303
67143
67119
68910
68908
69026
69013
70237
70227
70354
70385
70569
70579
71362
71383
72084
72066
72997
72974
73427
73430
73725
73720
74083
74068
74445
74418
74713
74734
74753
74795
74866
74871
74934
74928
76166
76152
76896
76891
77613
77622
77656
77658
78268
78282
78387
78399
79094
79059
