722
1
28
3
90
7
17
9
22
11
38
14
45
19
56
21
33
23
13
35
70
39
81
41
29
48
43
50
83
63
34
73
5
75
60
77
25
78
4
87
62
92
89
100
74
103
98
106
16
111
140
112
177
113
186
121
201
132
203
136
166
139
189
141
122
145
176
149
181
154
109
164
196
170
125
174
127
178
120
184
211
187
110
192
148
193
159
194
179
197
205
202
142
208
135
209
167
213
286
216
298
217
229
219
278
225
212
228
281
232
275
233
230
239
287
241
245
251
222
254
277
255
247
260
302
267
282
268
292
272
301
283
284
293
261
294
279
299
240
300
276
308
381
312
364
315
358
316
311
317
361
319
333
323
305
326
348
328
393
329
347
332
387
334
356
342
362
346
378
349
340
352
325
354
370
357
351
367
314
369
360
377
374
379
303
389
313
391
320
396
448
400
493
411
491
416
497
421
433
425
412
429
430
435
420
439
460
440
500
441
423
442
404
451
406
453
436
462
467
463
457
468
502
473
472
477
446
479
489
480
485
483
456
488
486
499
450
508
539
509
557
516
605
531
559
532
555
533
604
536
505
540
592
541
519
546
507
550
515
551
530
554
526
556
591
565
584
567
596
570
538
574
575
576
560
588
520
593
514
594
506
597
569
602
561
606
644
611
692
613
682
614
679
626
629
627
663
639
688
641
677
642
616
646
610
647
640
648
702
649
655
650
680
652
645
656
693
658
691
667
623
669
687
671
704
672
708
678
621
706
638
707
654
719
777
725
787
728
732
729
746
730
736
733
772
734
723
741
743
742
790
747
718
748
775
754
722
755
727
757
745
764
713
766
756
767
799
768
780
776
724
778
739
779
792
784
712
785
761
786
738
791
771
802
831
803
886
807
839
809
880
811
874
820
864
822
843
823
844
826
889
827
865
836
869
842
830
848
845
850
890
852
870
855
860
859
851
863
867
875
888
877
804
878
829
887
812
893
821
899
917
900
994
906
939
913
992
922
955
923
964
924
969
925
987
931
905
935
975
936
896
942
976
948
986
950
908
951
921
954
972
959
914
962
944
970
938
971
907
978
926
983
966
989
933
998
997
0 2
118 119
10 12
156 157
20 26
94 95
40 44
168 169
57 58
46 47
64 65
144 146
66 67
27 30
76 79
116 117
80 82
171 172
84 85
68 69
86 88
147 150
96 97
49 51
99 101
129 130
102 104
173 175
123 124
6 8
126 128
105 108
131 133
15 18
134 137
163 165
138 143
36 37
151 152
31 32
153 155
91 93
158 160
54 55
161 162
71 72
180 182
114 115
200 204
191 195
214 215
321 322
223 224
382 383
236 237
256 257
238 242
198 199
243 244
359 363
246 248
337 338
252 253
335 336
259 262
390 392
263 264
206 207
266 269
270 271
289 290
273 280
306 307
249 250
310 318
291 295
343 344
188 190
345 350
231 234
353 355
226 227
365 366
324 327
368 371
386 388
372 373
285 288
375 376
183 185
384 385
297 304
394 395
330 331
398 399
339 341
401 402
218 221
403 405
525 527
415 417
459 461
418 419
534 535
434 437
426 427
455 458
545 547
470 471
464 465
476 478
517 518
481 482
466 469
484 487
413 414
490 492
474 475
496 498
444 445
501 503
428 432
510 511
422 424
512 513
452 454
521 522
407 408
523 524
568 571
543 544
572 573
553 558
447 449
562 563
579 580
564 566
537 542
577 578
409 410
581 582
528 529
583 585
494 495
586 587
548 552
589 590
438 443
601 603
782 783
607 608
662 664
615 617
701 703
618 619
651 653
620 622
665 666
624 625
735 737
628 630
660 661
631 632
684 685
633 634
714 715
657 659
751 752
668 670
762 763
675 676
726 731
681 683
716 717
686 689
720 721
697 698
609 612
710 711
637 643
740 744
770 773
753 758
635 636
765 769
695 696
774 781
595 598
788 789
673 674
793 794
699 700
795 796
705 709
797 798
759 760
805 806
816 817
808 810
813 814
818 824
927 928
825 828
993 995
834 835
884 885
840 841
929 930
861 862
945 946
871 872
832 833
873 876
996 999
879 881
857 858
882 883
837 838
894 897
952 953
902 903
866 868
910 911
980 981
912 915
846 847
916 918
973 974
919 920
898 901
932 934
977 979
937 940
982 984
941 943
904 909
947 949
891 892
961 965
958 960
967 968
853 856
985 988
800 801
990 991
956 957
